\BOOKMARK [0][-]{chapter.1}{Introduction}{}% 1
\BOOKMARK [0][-]{chapter.2}{The Problem: Health Disparities and Stratification}{}% 2
\BOOKMARK [1][-]{section.2.1}{Income Inequality and Health}{chapter.2}% 3
\BOOKMARK [1][-]{section.2.2}{Income Mobility and Health}{chapter.2}% 4
\BOOKMARK [2][-]{subsection.2.2.1}{Mechanisms}{section.2.2}% 5
\BOOKMARK [2][-]{subsection.2.2.2}{General Hypotheses}{section.2.2}% 6
\BOOKMARK [0][-]{chapter.3}{Income Mobility, Income Inequality and Mortality in the United States}{}% 7
\BOOKMARK [1][-]{section.3.1}{The relation between place's income mobility and mortality}{chapter.3}% 8
\BOOKMARK [2][-]{subsection.3.1.1}{Hypotheses}{section.3.1}% 9
\BOOKMARK [1][-]{section.3.2}{Data}{chapter.3}% 10
\BOOKMARK [1][-]{section.3.3}{Model Estimation}{chapter.3}% 11
\BOOKMARK [2][-]{subsection.3.3.1}{General model and estimation}{section.3.3}% 12
\BOOKMARK [2][-]{subsection.3.3.2}{Model variants}{section.3.3}% 13
\BOOKMARK [2][-]{subsection.3.3.3}{Converting estimates of parameters into estimates of adult life expectancy}{section.3.3}% 14
\BOOKMARK [1][-]{section.3.4}{Results}{chapter.3}% 15
\BOOKMARK [2][-]{subsection.3.4.1}{Average Association}{section.3.4}% 16
\BOOKMARK [2][-]{subsection.3.4.2}{Effects by age}{section.3.4}% 17
\BOOKMARK [2][-]{subsection.3.4.3}{Effects by Race/Ethnicity}{section.3.4}% 18
\BOOKMARK [2][-]{subsection.3.4.4}{Effects by causes of death}{section.3.4}% 19
\BOOKMARK [1][-]{section.3.5}{Discussion}{chapter.3}% 20
\BOOKMARK [1][-]{section.3.6}{Tables and Figures}{chapter.3}% 21
\BOOKMARK [1][-]{section.3.7}{Methodological Supplement}{chapter.3}% 22
\BOOKMARK [2][-]{subsection.3.7.1}{Descriptive Statistics County Level}{section.3.7}% 23
\BOOKMARK [2][-]{subsection.3.7.2}{Goodness of Fit}{section.3.7}% 24
\BOOKMARK [2][-]{subsection.3.7.3}{Prior sensitivity analysis}{section.3.7}% 25
\BOOKMARK [2][-]{subsection.3.7.4}{Results Using Absolute Mobility}{section.3.7}% 26
\BOOKMARK [2][-]{subsection.3.7.5}{Tables and Figures}{section.3.7}% 27
\BOOKMARK [2][-]{subsection.3.7.6}{Cause of Death Coding}{section.3.7}% 28
\BOOKMARK [0][-]{chapter.4}{Early Exposure to County Income Mobility and Adult Individual Health in the United States}{}% 29
\BOOKMARK [1][-]{section.4.1}{Individual mechanisms}{chapter.4}% 30
\BOOKMARK [1][-]{section.4.2}{Data}{chapter.4}% 31
\BOOKMARK [1][-]{section.4.3}{Analytical Strategy}{chapter.4}% 32
\BOOKMARK [2][-]{subsection.4.3.1}{NLSY97}{section.4.3}% 33
\BOOKMARK [2][-]{subsection.4.3.2}{PSID}{section.4.3}% 34
\BOOKMARK [1][-]{section.4.4}{Results}{chapter.4}% 35
\BOOKMARK [2][-]{subsection.4.4.1}{Sample characteristics}{section.4.4}% 36
\BOOKMARK [2][-]{subsection.4.4.2}{IPT Weights}{section.4.4}% 37
\BOOKMARK [2][-]{subsection.4.4.3}{NLYS97 estimates}{section.4.4}% 38
\BOOKMARK [2][-]{subsection.4.4.4}{PSID estimates}{section.4.4}% 39
\BOOKMARK [1][-]{section.4.5}{Conclusion and discussion}{chapter.4}% 40
\BOOKMARK [1][-]{section.4.6}{Tables and Figures}{chapter.4}% 41
\BOOKMARK [1][-]{section.4.7}{Methodological Supplement}{chapter.4}% 42
\BOOKMARK [2][-]{subsection.4.7.1}{County coverage}{section.4.7}% 43
\BOOKMARK [2][-]{subsection.4.7.2}{Descriptive statistics}{section.4.7}% 44
\BOOKMARK [2][-]{subsection.4.7.3}{Imputation}{section.4.7}% 45
\BOOKMARK [2][-]{subsection.4.7.4}{IPT weights \(residualized models\)}{section.4.7}% 46
\BOOKMARK [2][-]{subsection.4.7.5}{Non-residualized models}{section.4.7}% 47
\BOOKMARK [0][-]{chapter.5}{A Generative Model for Income Mobility and Mortality}{}% 48
\BOOKMARK [1][-]{section.5.1}{Potential mechanisms}{chapter.5}% 49
\BOOKMARK [1][-]{section.5.2}{Modeling strategy}{chapter.5}% 50
\BOOKMARK [1][-]{section.5.3}{MIA: Mortality and Income Mobility Agent-based Model}{chapter.5}% 51
\BOOKMARK [2][-]{subsection.5.3.1}{Demographic processes}{section.5.3}% 52
\BOOKMARK [2][-]{subsection.5.3.2}{Residential mobility}{section.5.3}% 53
\BOOKMARK [2][-]{subsection.5.3.3}{Income generation and mobility}{section.5.3}% 54
\BOOKMARK [2][-]{subsection.5.3.4}{Smoking}{section.5.3}% 55
\BOOKMARK [2][-]{subsection.5.3.5}{Agents attributes and relationships}{section.5.3}% 56
\BOOKMARK [2][-]{subsection.5.3.6}{Model setup and measurement}{section.5.3}% 57
\BOOKMARK [1][-]{section.5.4}{Experimental Design}{chapter.5}% 58
\BOOKMARK [2][-]{subsection.5.4.1}{Ecological fallacy}{section.5.4}% 59
\BOOKMARK [2][-]{subsection.5.4.2}{Segregation and income mobility}{section.5.4}% 60
\BOOKMARK [1][-]{section.5.5}{Results}{chapter.5}% 61
\BOOKMARK [1][-]{section.5.6}{Conclusion and discussion}{chapter.5}% 62
\BOOKMARK [1][-]{section.5.7}{Tables}{chapter.5}% 63
\BOOKMARK [1][-]{section.5.8}{Figures}{chapter.5}% 64
\BOOKMARK [1][-]{section.5.9}{Methodological Supplement}{chapter.5}% 65
\BOOKMARK [1][-]{section.5.1}{Verification and calibration}{chapter.5}% 66
\BOOKMARK [2][-]{subsection.5.1.1}{Demographic dynamics}{section.5.1}% 67
\BOOKMARK [2][-]{subsection.5.1.2}{Residential mobility and segregation}{section.5.1}% 68
\BOOKMARK [2][-]{subsection.5.1.3}{Income mobility and segregation}{section.5.1}% 69
\BOOKMARK [2][-]{subsection.5.1.4}{Mortality and smoking by income}{section.5.1}% 70
\BOOKMARK [1][-]{section.5.2}{Tables}{chapter.5}% 71
\BOOKMARK [1][-]{section.5.3}{Figures}{chapter.5}% 72
\BOOKMARK [0][-]{chapter.6}{Conclusion}{}% 73
\BOOKMARK [0][-]{chapter*.65}{Bibliography}{}% 74
