/*C3*/SET SCHEMA PUBLIC
CREATE TABLE IF NOT EXISTS AL_CONFIGURATION ( PROPERTY_NAME VARCHAR(255) NOT NULL UNIQUE , PROPERTY_VALUE LONGVARCHAR ) 
CREATE TABLE IF NOT EXISTS AL_GROUPS ( GROUP_NAME VARCHAR(255) NOT NULL PRIMARY KEY , DESCRIPTION LONGVARCHAR ) 
CREATE TABLE IF NOT EXISTS AL_TABLES ( TABLE_NAME VARCHAR(255) NOT NULL PRIMARY KEY , GROUP_NAME VARCHAR(255) , DESCRIPTION LONGVARCHAR ) 
CREATE TABLE IF NOT EXISTS AL_CUSTOM_TYPE ( TABLE_NAME VARCHAR(255) , COLUMN_NAME VARCHAR(255) , TYPE VARCHAR(255) , NAME VARCHAR(255) ) 
CREATE TABLE IF NOT EXISTS AL_VIEWS ( VIEW_NAME VARCHAR(255) NOT NULL UNIQUE , VIEW_DEFINITION LONGVARCHAR , IS_VALID BOOLEAN ) 
CREATE TABLE IF NOT EXISTS AL_SELECTED_LOG_OBJECTS ( NAME VARCHAR(255) NOT NULL UNIQUE , TYPE VARCHAR(255) ) 
CREATE TABLE IF NOT EXISTS AL_DB_OBJECTS ( NAME VARCHAR(255) NOT NULL UNIQUE , TYPE VARCHAR(255) , USAGE VARCHAR(255) ) 
/*C4*/SET SCHEMA PUBLIC
DELETE FROM FERTILITY_RATES WHERE AL_ID=8010
DELETE FROM FERTILITY_RATES WHERE AL_ID=8011
DELETE FROM FERTILITY_RATES WHERE AL_ID=8012
DELETE FROM FERTILITY_RATES WHERE AL_ID=8013
DELETE FROM FERTILITY_RATES WHERE AL_ID=8014
DELETE FROM FERTILITY_RATES WHERE AL_ID=8015
DELETE FROM FERTILITY_RATES WHERE AL_ID=8016
DELETE FROM FERTILITY_RATES WHERE AL_ID=8017
DELETE FROM FERTILITY_RATES WHERE AL_ID=8018
DELETE FROM FERTILITY_RATES WHERE AL_ID=8019
INSERT INTO FERTILITY_RATES VALUES(8020,0,0.0E0)
INSERT INTO FERTILITY_RATES VALUES(8021,10,0.2E0)
INSERT INTO FERTILITY_RATES VALUES(8022,15,18.8E0)
INSERT INTO FERTILITY_RATES VALUES(8023,20,71.9E0)
INSERT INTO FERTILITY_RATES VALUES(8024,25,98.0E0)
INSERT INTO FERTILITY_RATES VALUES(8025,30,100.3E0)
INSERT INTO FERTILITY_RATES VALUES(8026,35,52.2E0)
INSERT INTO FERTILITY_RATES VALUES(8027,40,11.6E0)
INSERT INTO FERTILITY_RATES VALUES(8028,45,0.9E0)
INSERT INTO FERTILITY_RATES VALUES(8029,50,0.0E0)
COMMIT
DISCONNECT
/*C3*/DISCONNECT
